L 08/05/2009 - 20:11:46: Log file started (file "logs\L0805006.log") (game "C:\HLServer\Garrysmod\orangebox\garrysmod") (version "3791")
L 08/05/2009 - 20:11:46: Loading map "gm_construct"
L 08/05/2009 - 20:11:46: server cvars start
L 08/05/2009 - 20:11:46: "c_maxgolden" = "1"
L 08/05/2009 - 20:11:46: "c_maxpowerup" = "25"
L 08/05/2009 - 20:11:46: "c_maxexplosive" = "25"
L 08/05/2009 - 20:11:46: "c_maxnormal" = "25"
L 08/05/2009 - 20:11:46: "c_maxfast" = "25"
L 08/05/2009 - 20:11:46: "c_maxslow" = "25"
L 08/05/2009 - 20:11:46: "c_maxcacti" = "100"
L 08/05/2009 - 20:11:46: "c_difficulty" = "1"
L 08/05/2009 - 20:11:46: "zo_timelimit" = "15"
L 08/05/2009 - 20:11:46: "gmdm_instagib" = "0"
L 08/05/2009 - 20:11:46: "gmdm_teamplay" = "0"
L 08/05/2009 - 20:11:46: "gmdm_unlimitedammo" = "0"
L 08/05/2009 - 20:11:46: "sw_maxfrags" = "30"
L 08/05/2009 - 20:11:46: "sw_maxscore" = "3"
L 08/05/2009 - 20:11:46: "fretta_voting" = "1"
L 08/05/2009 - 20:11:46: "ai_disabled" = "0"
L 08/05/2009 - 20:11:46: "ai_ignoreplayers" = "0"
L 08/05/2009 - 20:11:46: "ai_keepragdolls" = "0"
L 08/05/2009 - 20:11:46: "mp_teamplay" = "0"
L 08/05/2009 - 20:11:46: "mp_fraglimit" = "0"
L 08/05/2009 - 20:11:46: "mp_falldamage" = "0"
L 08/05/2009 - 20:11:46: "mp_weaponstay" = "0"
L 08/05/2009 - 20:11:46: "mp_forcerespawn" = "1"
L 08/05/2009 - 20:11:46: "mp_footsteps" = "1"
L 08/05/2009 - 20:11:46: "mp_flashlight" = "1"
L 08/05/2009 - 20:11:46: "mp_autocrosshair" = "1"
L 08/05/2009 - 20:11:46: "decalfrequency" = "10"
L 08/05/2009 - 20:11:46: "mp_teamlist" = "hgrunt;scientist"
L 08/05/2009 - 20:11:46: "mp_allowNPCs" = "1"
L 08/05/2009 - 20:11:46: "mp_friendlyfire" = "0"
L 08/05/2009 - 20:11:46: "mp_fadetoblack" = "0"
L 08/05/2009 - 20:11:46: "sv_gravity" = "600"
L 08/05/2009 - 20:11:46: "sv_stopspeed" = "50"
L 08/05/2009 - 20:11:46: "sv_noclipaccelerate" = "5"
L 08/05/2009 - 20:11:46: "sv_noclipspeed" = "5"
L 08/05/2009 - 20:11:46: "sv_specaccelerate" = "5"
L 08/05/2009 - 20:11:46: "sv_specspeed" = "3"
L 08/05/2009 - 20:11:46: "sv_specnoclip" = "1"
L 08/05/2009 - 20:11:46: "sv_maxspeed" = "320"
L 08/05/2009 - 20:11:46: "sv_accelerate" = "10"
L 08/05/2009 - 20:11:46: "sv_airaccelerate" = "10"
L 08/05/2009 - 20:11:46: "sv_wateraccelerate" = "10"
L 08/05/2009 - 20:11:46: "sv_waterfriction" = "1"
L 08/05/2009 - 20:11:46: "sv_footsteps" = "1"
L 08/05/2009 - 20:11:46: "sv_rollspeed" = "200"
L 08/05/2009 - 20:11:46: "sv_rollangle" = "0"
L 08/05/2009 - 20:11:46: "sv_friction" = "8"
L 08/05/2009 - 20:11:46: "sv_bounce" = "0"
L 08/05/2009 - 20:11:46: "sv_stepsize" = "18"
L 08/05/2009 - 20:11:46: "r_VehicleViewDampen" = "0"
L 08/05/2009 - 20:11:46: "r_JeepViewDampenFreq" = "7.0"
L 08/05/2009 - 20:11:46: "r_JeepViewDampenDamp" = "1.0"
L 08/05/2009 - 20:11:46: "r_JeepViewZHeight" = "10.0"
L 08/05/2009 - 20:11:46: "r_AirboatViewDampenFreq" = "7.0"
L 08/05/2009 - 20:11:46: "r_AirboatViewDampenDamp" = "1.0"
L 08/05/2009 - 20:11:46: "r_AirboatViewZHeight" = "0.0"
L 08/05/2009 - 20:11:46: "mp_timelimit" = "0"
L 08/05/2009 - 20:11:46: "nextlevel" = ""
L 08/05/2009 - 20:11:46: "sv_alltalk" = "0"
L 08/05/2009 - 20:11:46: "mp_respawnwavetime" = "10.0"
L 08/05/2009 - 20:11:46: "mp_tournament" = "0"
L 08/05/2009 - 20:11:46: "tf_arena_preround_time" = "10"
L 08/05/2009 - 20:11:46: "tf_arena_round_time" = "0"
L 08/05/2009 - 20:11:46: "tf_arena_max_streak" = "5"
L 08/05/2009 - 20:11:46: "mp_teams_unbalance_limit" = "1"
L 08/05/2009 - 20:11:46: "mp_maxrounds" = "0"
L 08/05/2009 - 20:11:46: "mp_winlimit" = "0"
L 08/05/2009 - 20:11:46: "mp_disable_respawn_times" = "0"
L 08/05/2009 - 20:11:46: "mp_autoteambalance" = "1"
L 08/05/2009 - 20:11:46: "mp_stalemate_enable" = "0"
L 08/05/2009 - 20:11:46: "mp_stalemate_at_timelimit" = "0"
L 08/05/2009 - 20:11:46: "sv_hl2mp_weapon_respawn_time" = "20"
L 08/05/2009 - 20:11:46: "sv_hl2mp_item_respawn_time" = "30"
L 08/05/2009 - 20:11:46: "sv_report_client_settings" = "0"
L 08/05/2009 - 20:11:46: "sv_scriptenforcer" = "0"
L 08/05/2009 - 20:11:46: "physgun_limited" = "0"
L 08/05/2009 - 20:11:46: "sbox_noclip" = "1"
L 08/05/2009 - 20:11:46: "sbox_godmode" = "1"
L 08/05/2009 - 20:11:46: "sbox_plpldamage" = "1"
L 08/05/2009 - 20:11:46: "sbox_maxprops" = "100"
L 08/05/2009 - 20:11:46: "sbox_maxragdolls" = "2"
L 08/05/2009 - 20:11:46: "sbox_maxvehicles" = "3"
L 08/05/2009 - 20:11:46: "sbox_maxeffects" = "50"
L 08/05/2009 - 20:11:46: "sbox_maxballoons" = "20"
L 08/05/2009 - 20:11:46: "sbox_maxnpcs" = "0"
L 08/05/2009 - 20:11:46: "sbox_maxdynamite" = "10"
L 08/05/2009 - 20:11:46: "sbox_maxlamps" = "5"
L 08/05/2009 - 20:11:46: "sbox_maxlights" = "5"
L 08/05/2009 - 20:11:46: "sbox_maxwheels" = "50"
L 08/05/2009 - 20:11:46: "sbox_maxthrusters" = "50"
L 08/05/2009 - 20:11:46: "sbox_maxhoverballs" = "50"
L 08/05/2009 - 20:11:46: "sbox_maxbuttons" = "50"
L 08/05/2009 - 20:11:46: "sbox_maxemitters" = "20"
L 08/05/2009 - 20:11:46: "sbox_maxspawners" = "2"
L 08/05/2009 - 20:11:46: "sbox_maxturrets" = "4"
L 08/05/2009 - 20:11:46: "sv_password" = ""
L 08/05/2009 - 20:11:46: "sv_tags" = ""
L 08/05/2009 - 20:11:46: "tv_relaypassword" = ""
L 08/05/2009 - 20:11:46: "tv_password" = ""
L 08/05/2009 - 20:11:46: "deathmatch" = "1"
L 08/05/2009 - 20:11:46: "coop" = "0"
L 08/05/2009 - 20:11:46: "sv_cheats" = "0"
L 08/05/2009 - 20:11:46: "sv_pausable" = "0"
L 08/05/2009 - 20:11:46: "sv_contact" = ""
L 08/05/2009 - 20:11:46: "sv_voiceenable" = "1"
L 08/05/2009 - 20:11:46: "tv_enable" = "0"
L 08/05/2009 - 20:11:46: server cvars end
L 08/05/2009 - 20:11:46: Started map "gm_construct" (CRC "-1066734567")
L 08/05/2009 - 20:11:47: Load Gamemode: 'StarWarsOnline'
L 08/05/2009 - 20:11:50: Lua Error: ERROR: GAMEMODE:'PlayerSpawn' Failed: StarWarsOnline\gamemode\Server/hooks.lua:12: attempt to index field 'Char' (a nil value)
L 08/05/2009 - 20:11:50: "Meeces2911-WLG<4><STEAM_0:1:9946557><>" entered the game
L 08/05/2009 - 20:11:50: rcon from "192.168.1.3:9282": command "status"
L 08/05/2009 - 20:13:47: "Meeces2911-WLG" (3575051666) had their xp saved.
L 08/05/2009 - 20:13:47: Lua Error: Timer Error: includes/extensions/table.lua:82: bad argument #1 to 'pairs' (table expected, got nil)
L 08/05/2009 - 20:15:36: "[SWO] MGinshe - Capped<6><STEAM_0:0:0><>" connected, address "222.152.219.148:64524"
L 08/05/2009 - 20:15:38: "[SWO] MGinshe - Capped<6><STEAM_0:1:20576708><>" STEAM USERID validated
L 08/05/2009 - 20:15:47: "Meeces2911-WLG" (3575051666) had their xp saved.
L 08/05/2009 - 20:15:47: Lua Error: Timer Error: includes/extensions/table.lua:82: bad argument #1 to 'pairs' (table expected, got nil)
L 08/05/2009 - 20:16:38: Lua Error: ERROR: GAMEMODE:'PlayerSpawn' Failed: StarWarsOnline\gamemode\Server/hooks.lua:12: attempt to index field 'Char' (a nil value)
L 08/05/2009 - 20:16:38: "[SWO] MGinshe - Capped<6><STEAM_0:1:20576708><>" entered the game
L 08/05/2009 - 20:16:39: rcon from "192.168.1.3:9313": command "status"
L 08/05/2009 - 20:16:57: Lua Error: ERROR: GAMEMODE:'KeyPress' Failed: StarWarsOnline\gamemode\Server/PlayerMovement.lua:9: attempt to perform arithmetic on field 'LastForceJump' (a nil value)
L 08/05/2009 - 20:16:59: Lua Error: ERROR: GAMEMODE:'KeyPress' Failed: StarWarsOnline\gamemode\Server/PlayerMovement.lua:9: attempt to perform arithmetic on field 'LastForceJump' (a nil value)
L 08/05/2009 - 20:17:11: Lua Error: Error: hook->PlayerSay returned a non-string!
L 08/05/2009 - 20:17:11: "[SWO] MGinshe - Capped<6><STEAM_0:1:20576708><Team>" say "Laggfest :P"
L 08/05/2009 - 20:17:23: Lua Error: Error: hook->PlayerSay returned a non-string!
L 08/05/2009 - 20:17:23: "[SWO] MGinshe - Capped<6><STEAM_0:1:20576708><Team>" say "Meeces"
L 08/05/2009 - 20:17:35: Lua Error: ERROR: GAMEMODE:'KeyPress' Failed: StarWarsOnline\gamemode\Server/player_extention.lua:89: attempt to index field 'Char' (a nil value)
L 08/05/2009 - 20:17:47: "Meeces2911-WLG" (3575051666) had their xp saved.
L 08/05/2009 - 20:17:47: Lua Error: Timer Error: includes/extensions/table.lua:82: bad argument #1 to 'pairs' (table expected, got nil)
L 08/05/2009 - 20:17:56: Lua Error: Error: hook->PlayerSay returned a non-string!
L 08/05/2009 - 20:17:56: "[SWO] MGinshe - Capped<6><STEAM_0:1:20576708><Team>" say "lua_run player.GetByID( 1 ).Char.Model = "models/player/alyx.mdl""
L 08/05/2009 - 20:18:02: Lua Error: Error: hook->PlayerSay returned a non-string!
L 08/05/2009 - 20:18:02: "[SWO] MGinshe - Capped<6><STEAM_0:1:20576708><Team>" say "Just cause she is sexy"
L 08/05/2009 - 20:18:07: Lua Error: ERROR: GAMEMODE:'KeyPress' Failed: StarWarsOnline\gamemode\Server/PlayerMovement.lua:9: attempt to perform arithmetic on field 'LastForceJump' (a nil value)
L 08/05/2009 - 20:18:09: Lua Error: ERROR: GAMEMODE:'KeyPress' Failed: StarWarsOnline\gamemode\Server/PlayerMovement.lua:9: attempt to perform arithmetic on field 'LastForceJump' (a nil value)
L 08/05/2009 - 20:18:11: Lua Error: ERROR: GAMEMODE:'KeyPress' Failed: StarWarsOnline\gamemode\Server/PlayerMovement.lua:9: attempt to perform arithmetic on field 'LastForceJump' (a nil value)
L 08/05/2009 - 20:18:12: Lua Error: ERROR: GAMEMODE:'KeyPress' Failed: StarWarsOnline\gamemode\Server/PlayerMovement.lua:9: attempt to perform arithmetic on field 'LastForceJump' (a nil value)
L 08/05/2009 - 20:18:16: Lua Error: Error: hook->PlayerSay returned a non-string!
L 08/05/2009 - 20:18:16: "[SWO] MGinshe - Capped<6><STEAM_0:1:20576708><Team>" say "OH god"
L 08/05/2009 - 20:18:18: Lua Error: ERROR: GAMEMODE:'KeyPress' Failed: StarWarsOnline\gamemode\Server/PlayerMovement.lua:9: attempt to perform arithmetic on field 'LastForceJump' (a nil value)
L 08/05/2009 - 20:18:25: server_cvar: "sv_cheats" "1"
L 08/05/2009 - 20:18:25: rcon from "192.168.1.3:9324": command "sv_cheats 1"
L 08/05/2009 - 20:18:27: Lua Error: ERROR: GAMEMODE:'KeyPress' Failed: StarWarsOnline\gamemode\Server/player_extention.lua:89: attempt to index field 'Char' (a nil value)
L 08/05/2009 - 20:18:33: Lua Error: ERROR: GAMEMODE:'KeyPress' Failed: StarWarsOnline\gamemode\Server/player_extention.lua:89: attempt to index field 'Char' (a nil value)
L 08/05/2009 - 20:18:38: Lua Error: ERROR: GAMEMODE:'PlayerSpawn' Failed: StarWarsOnline\gamemode\Server/hooks.lua:12: attempt to index field 'Char' (a nil value)
L 08/05/2009 - 20:18:38: Lua Error: Error: hook->PlayerSay returned a non-string!
L 08/05/2009 - 20:18:38: "[SWO] MGinshe - Capped<6><STEAM_0:1:20576708><Team>" say "Oops"
L 08/05/2009 - 20:18:38: Lua Error: Error: hook->PlayerSay returned a non-string!
L 08/05/2009 - 20:18:38: "[SWO] MGinshe - Capped<6><STEAM_0:1:20576708><Team>" say ";P"
L 08/05/2009 - 20:18:43: Lua Error: ERROR: GAMEMODE:'KeyPress' Failed: StarWarsOnline\gamemode\Server/PlayerMovement.lua:9: attempt to perform arithmetic on field 'LastForceJump' (a nil value)
L 08/05/2009 - 20:18:44: Lua Error: ERROR: GAMEMODE:'KeyPress' Failed: StarWarsOnline\gamemode\Server/PlayerMovement.lua:9: attempt to perform arithmetic on field 'LastForceJump' (a nil value)
L 08/05/2009 - 20:18:47: Lua Error: ERROR: GAMEMODE:'KeyPress' Failed: StarWarsOnline\gamemode\Server/PlayerMovement.lua:9: attempt to perform arithmetic on field 'LastForceJump' (a nil value)
L 08/05/2009 - 20:18:48: Lua Error: ERROR: GAMEMODE:'KeyPress' Failed: StarWarsOnline\gamemode\Server/PlayerMovement.lua:9: attempt to perform arithmetic on field 'LastForceJump' (a nil value)
L 08/05/2009 - 20:19:08: Lua Error: Error: hook->PlayerSay returned a non-string!
L 08/05/2009 - 20:19:08: "Meeces2911-WLG<4><STEAM_0:1:9946557><Team>" say "StarWarsOnline\gamemode\shared.lua:39: attempt to call field 'LoadPROFs' (a nil value)... the function isnt being loaded into"
L 08/05/2009 - 20:19:14: Lua Error: Error: hook->PlayerSay returned a non-string!
L 08/05/2009 - 20:19:14: "Meeces2911-WLG<4><STEAM_0:1:9946557><Team>" say "the SWO table"
L 08/05/2009 - 20:19:25: Lua Error: Error: hook->PlayerSay returned a non-string!
L 08/05/2009 - 20:19:25: "[SWO] MGinshe - Capped<6><STEAM_0:1:20576708><Team>" say "WHAT"
L 08/05/2009 - 20:19:34: Lua Error: Error: hook->PlayerSay returned a non-string!
L 08/05/2009 - 20:19:34: "[SWO] MGinshe - Capped<6><STEAM_0:1:20576708><Team>" say "gamemode_reload"
L 08/05/2009 - 20:19:47: "Meeces2911-WLG" (3575051666) had their xp saved.
L 08/05/2009 - 20:19:47: Lua Error: Timer Error: includes/extensions/table.lua:82: bad argument #1 to 'pairs' (table expected, got nil)
L 08/05/2009 - 20:19:53: Lua Error: Reloading Gamemode..
L 08/05/2009 - 20:19:53: Load Gamemode: 'StarWarsOnline'
L 08/05/2009 - 20:19:53: rcon from "192.168.1.3:9324": command "gamemode_reload"
L 08/05/2009 - 20:19:55: Lua Error: Error: hook->PlayerSay returned a non-string!
L 08/05/2009 - 20:19:55: "[SWO] MGinshe - Capped<6><STEAM_0:1:20576708><Team>" say "Meeces"
L 08/05/2009 - 20:20:17: Lua Error: Error: hook->PlayerSay returned a non-string!
L 08/05/2009 - 20:20:17: "Meeces2911-WLG<4><STEAM_0:1:9946557><Team>" say ".. ok mysql not found"
L 08/05/2009 - 20:20:27: Lua Error: Error: hook->PlayerSay returned a non-string!
L 08/05/2009 - 20:20:27: "[SWO] MGinshe - Capped<6><STEAM_0:1:20576708><Team>" say "Yeah"
L 08/05/2009 - 20:20:35: Lua Error: ERROR: GAMEMODE:'PlayerSpawn' Failed: StarWarsOnline\gamemode\Server/hooks.lua:12: bad argument #1 to 'PrecacheModel' (string expected, got nil)
L 08/05/2009 - 20:20:39: Lua Error: Error: hook->PlayerSay returned a non-string!
L 08/05/2009 - 20:20:39: "Meeces2911-WLG<4><STEAM_0:1:9946557><Team>" say "but aside from that..."
L 08/05/2009 - 20:20:40: Lua Error: ERROR: GAMEMODE:'KeyPress' Failed: StarWarsOnline\gamemode\Server/player_extention.lua:89: attempt to index field 'Char' (a nil value)
L 08/05/2009 - 20:20:58: rcon from "192.168.1.3:9341": command "status"
L 08/05/2009 - 20:21:04: rcon from "192.168.1.3:9341": command "status"
L 08/05/2009 - 20:21:10: rcon from "192.168.1.3:9341": command "status"
L 08/05/2009 - 20:21:16: rcon from "192.168.1.3:9341": command "status"
L 08/05/2009 - 20:21:34: Lua Error: Error: hook->PlayerSay returned a non-string!
L 08/05/2009 - 20:21:34: "Meeces2911-WLG<4><STEAM_0:1:9946557><Team>" say "do i have to download that seperately... should it not be in the svn ?"
L 08/05/2009 - 20:21:35: Lua Error: ERROR: GAMEMODE:'KeyPress' Failed: StarWarsOnline\gamemode\Server/player_extention.lua:89: attempt to index field 'Char' (a nil value)
L 08/05/2009 - 20:21:41: Lua Error: Error: hook->PlayerSay returned a non-string!
L 08/05/2009 - 20:21:41: "Meeces2911-WLG<4><STEAM_0:1:9946557><Team>" say "lol"
L 08/05/2009 - 20:21:46: Lua Error: Error: hook->PlayerSay returned a non-string!
L 08/05/2009 - 20:21:46: "[SWO] MGinshe - Capped<6><STEAM_0:1:20576708><Team>" say "The mysql module?"
L 08/05/2009 - 20:21:48: Lua Error: Error: hook->PlayerSay returned a non-string!
L 08/05/2009 - 20:21:48: "Meeces2911-WLG<4><STEAM_0:1:9946557><Team>" say "yea"
L 08/05/2009 - 20:21:49: rcon from "192.168.1.3:9341": command "status"
L 08/05/2009 - 20:21:50: Lua Error: ERROR: GAMEMODE:'KeyPress' Failed: StarWarsOnline\gamemode\Server/PlayerMovement.lua:9: attempt to perform arithmetic on field 'LastForceJump' (a nil value)
L 08/05/2009 - 20:21:52: Lua Error: ERROR: GAMEMODE:'KeyPress' Failed: StarWarsOnline\gamemode\Server/PlayerMovement.lua:9: attempt to perform arithmetic on field 'LastForceJump' (a nil value)
L 08/05/2009 - 20:21:53: "Meeces2911-WLG" (3575051666) had their xp saved.
L 08/05/2009 - 20:21:53: Lua Error: Timer Error: includes/extensions/table.lua:82: bad argument #1 to 'pairs' (table expected, got nil)
L 08/05/2009 - 20:21:55: Lua Error: ERROR: GAMEMODE:'KeyPress' Failed: StarWarsOnline\gamemode\Server/player_extention.lua:89: attempt to index field 'Char' (a nil value)
L 08/05/2009 - 20:21:57: Lua Error: ERROR: GAMEMODE:'KeyPress' Failed: StarWarsOnline\gamemode\Server/PlayerMovement.lua:9: attempt to perform arithmetic on field 'LastForceJump' (a nil value)
L 08/05/2009 - 20:21:58: Lua Error: ERROR: GAMEMODE:'KeyPress' Failed: StarWarsOnline\gamemode\Server/PlayerMovement.lua:9: attempt to perform arithmetic on field 'LastForceJump' (a nil value)
L 08/05/2009 - 20:22:00: Lua Error: ERROR: GAMEMODE:'KeyPress' Failed: StarWarsOnline\gamemode\Server/player_extention.lua:89: attempt to index field 'Char' (a nil value)
L 08/05/2009 - 20:22:01: Lua Error: ERROR: GAMEMODE:'KeyPress' Failed: StarWarsOnline\gamemode\Server/player_extention.lua:89: attempt to index field 'Char' (a nil value)
L 08/05/2009 - 20:22:01: Lua Error: ERROR: GAMEMODE:'KeyPress' Failed: StarWarsOnline\gamemode\Server/PlayerMovement.lua:9: attempt to perform arithmetic on field 'LastForceJump' (a nil value)
L 08/05/2009 - 20:22:04: "skill clan s.w.a.t.<7><STEAM_0:0:0><>" connected, address "90.190.13.118:27005"
L 08/05/2009 - 20:22:09: Lua Error: Error: hook->PlayerSay returned a non-string!
L 08/05/2009 - 20:22:09: "[SWO] MGinshe - Capped<6><STEAM_0:1:20576708><Team>" say "LOL"
L 08/05/2009 - 20:22:10: Lua Error: Error: hook->PlayerSay returned a non-string!
L 08/05/2009 - 20:22:10: "[SWO] MGinshe - Capped<6><STEAM_0:1:20576708><Team>" say ":P"
L 08/05/2009 - 20:22:14: Lua Error: Error: hook->PlayerSay returned a non-string!
L 08/05/2009 - 20:22:14: "[SWO] MGinshe - Capped<6><STEAM_0:1:20576708><Team>" say "Let him join"
L 08/05/2009 - 20:22:16: "skill clan s.w.a.t.<7><STEAM_0:0:0><>" disconnected (reason "Server uses different class tables")
L 08/05/2009 - 20:22:17: Lua Error: Error: hook->PlayerSay returned a non-string!
L 08/05/2009 - 20:22:17: "[SWO] MGinshe - Capped<6><STEAM_0:1:20576708><Team>" say "See what he thinks"
L 08/05/2009 - 20:22:20: "skill clan s.w.a.t.<8><STEAM_0:0:0><>" connected, address "90.190.13.118:27005"
L 08/05/2009 - 20:22:20: Lua Error: Error: hook->PlayerSay returned a non-string!
L 08/05/2009 - 20:22:20: "[SWO] MGinshe - Capped<6><STEAM_0:1:20576708><Team>" say "Then use"
L 08/05/2009 - 20:22:23: "skill clan s.w.a.t.<8><STEAM_0:0:0><>" disconnected (reason "Server uses different class tables")
L 08/05/2009 - 20:22:37: Lua Error: Error: hook->PlayerSay returned a non-string!
L 08/05/2009 - 20:22:37: "Meeces2911-WLG<4><STEAM_0:1:9946557><Team>" say "he doesnt have the beta"
L 08/05/2009 - 20:22:46: Lua Error: Error: hook->PlayerSay returned a non-string!
L 08/05/2009 - 20:22:46: "[SWO] MGinshe - Capped<6><STEAM_0:1:20576708><Team>" say "lua_run player.GetByID( 3 ):ConCommand( "say Im a llam"
L 08/05/2009 - 20:22:54: "-weRk-oNe- [SWO]<9><STEAM_0:0:0><>" connected, address "72.211.131.85:27005"
L 08/05/2009 - 20:22:56: "-weRk-oNe- [SWO]<9><STEAM_0:1:13836983><>" STEAM USERID validated
L 08/05/2009 - 20:23:21: Lua Error: Error: hook->PlayerSay returned a non-string!
L 08/05/2009 - 20:23:21: "Meeces2911-WLG<4><STEAM_0:1:9946557><Team>" say "a friend ?"
L 08/05/2009 - 20:23:24: Lua Error: Error: hook->PlayerSay returned a non-string!
L 08/05/2009 - 20:23:24: "[SWO] MGinshe - Capped<6><STEAM_0:1:20576708><Team>" say "Yeah"
L 08/05/2009 - 20:23:29: Lua Error: Error: hook->PlayerSay returned a non-string!
L 08/05/2009 - 20:23:29: "[SWO] MGinshe - Capped<6><STEAM_0:1:20576708><Team>" say "New modeler"
L 08/05/2009 - 20:23:37: Lua Error: Error: hook->PlayerSay returned a non-string!
L 08/05/2009 - 20:23:37: "[SWO] MGinshe - Capped<6><STEAM_0:1:20576708><Team>" say "Got him about 3 hours ago :P"
L 08/05/2009 - 20:23:39: Lua Error: ERROR: GAMEMODE:'KeyPress' Failed: StarWarsOnline\gamemode\Server/PlayerMovement.lua:9: attempt to perform arithmetic on field 'LastForceJump' (a nil value)
L 08/05/2009 - 20:23:39: Lua Error: ERROR: GAMEMODE:'KeyPress' Failed: StarWarsOnline\gamemode\Server/PlayerMovement.lua:9: attempt to perform arithmetic on field 'LastForceJump' (a nil value)
L 08/05/2009 - 20:23:40: Lua Error: ERROR: GAMEMODE:'KeyPress' Failed: StarWarsOnline\gamemode\Server/PlayerMovement.lua:9: attempt to perform arithmetic on field 'LastForceJump' (a nil value)
L 08/05/2009 - 20:23:53: "Meeces2911-WLG" (3575051666) had their xp saved.
L 08/05/2009 - 20:23:53: Lua Error: Timer Error: includes/extensions/table.lua:82: bad argument #1 to 'pairs' (table expected, got nil)
L 08/05/2009 - 20:24:01: Lua Error: Error: hook->PlayerSay returned a non-string!
L 08/05/2009 - 20:24:01: "Meeces2911-WLG<4><STEAM_0:1:9946557><Team>" say "quit forcejumping :P"
L 08/05/2009 - 20:24:03: Lua Error: ERROR: GAMEMODE:'KeyPress' Failed: StarWarsOnline\gamemode\Server/player_extention.lua:89: attempt to index field 'Char' (a nil value)
L 08/05/2009 - 20:24:03: Lua Error: ERROR: GAMEMODE:'KeyPress' Failed: StarWarsOnline\gamemode\Server/player_extention.lua:89: attempt to index field 'Char' (a nil value)
L 08/05/2009 - 20:24:20: Lua Error: ERROR: GAMEMODE:'PlayerSpawn' Failed: StarWarsOnline\gamemode\Server/hooks.lua:12: attempt to index field 'Char' (a nil value)
L 08/05/2009 - 20:24:20: "-weRk-oNe- [SWO]<9><STEAM_0:1:13836983><>" entered the game
L 08/05/2009 - 20:24:20: rcon from "192.168.1.3:9369": command "status"
L 08/05/2009 - 20:24:25: Lua Error: ERROR: GAMEMODE:'KeyPress' Failed: StarWarsOnline\gamemode\Server/player_extention.lua:89: attempt to index field 'Char' (a nil value)
L 08/05/2009 - 20:24:26: Lua Error: ERROR: GAMEMODE:'KeyPress' Failed: StarWarsOnline\gamemode\Server/player_extention.lua:89: attempt to index field 'Char' (a nil value)
L 08/05/2009 - 20:24:55: Lua Error: ERROR: GAMEMODE:'KeyPress' Failed: StarWarsOnline\gamemode\Server/PlayerMovement.lua:9: attempt to perform arithmetic on field 'LastForceJump' (a nil value)
L 08/05/2009 - 20:24:57: Lua Error: ERROR: GAMEMODE:'KeyPress' Failed: StarWarsOnline\gamemode\Server/player_extention.lua:89: attempt to index field 'Char' (a nil value)
L 08/05/2009 - 20:25:03: Lua Error: Error: hook->PlayerSay returned a non-string!
L 08/05/2009 - 20:25:03: "[SWO] MGinshe - Capped<6><STEAM_0:1:20576708><Team>" say "O hai"
L 08/05/2009 - 20:25:12: Lua Error: Error: hook->PlayerSay returned a non-string!
L 08/05/2009 - 20:25:12: "[SWO] MGinshe - Capped<6><STEAM_0:1:20576708><Team>" say "Tis a NZ server"
L 08/05/2009 - 20:25:47: "Console<0><Console><Console>" say ""brb, going to check svn""
L 08/05/2009 - 20:25:47: rcon from "192.168.1.3:9369": command "say "brb, going to check svn""
L 08/05/2009 - 20:25:53: "Meeces2911-WLG" (3575051666) had their xp saved.
L 08/05/2009 - 20:25:53: Lua Error: Timer Error: includes/extensions/table.lua:82: bad argument #1 to 'pairs' (table expected, got nil)
L 08/05/2009 - 20:26:04: Lua Error: Error: hook->PlayerSay returned a non-string!
L 08/05/2009 - 20:26:04: "[SWO] MGinshe - Capped<6><STEAM_0:1:20576708><Team>" say "lua_run for k, v in pairs( player.GetAll() ) do v.Char.Model = "models/player/alyx.mdl""
L 08/05/2009 - 20:26:34: Lua Error: :1: 'end' expected near '<eof>'
L 08/05/2009 - 20:26:34: rcon from "192.168.1.3:9369": command "lua_run for k, v in pairs( player.GetAll() ) do v.Char.Model = models/player/alyx.mdl"
L 08/05/2009 - 20:26:34: Lua Error: Error: hook->PlayerSay returned a non-string!
L 08/05/2009 - 20:26:34: "[SWO] MGinshe - Capped<6><STEAM_0:1:20576708><Team>" say "Hai"
L 08/05/2009 - 20:26:41: Lua Error: Error: hook->PlayerSay returned a non-string!
L 08/05/2009 - 20:26:41: "-weRk-oNe- [SWO]<9><STEAM_0:1:13836983><Team>" say "i see that, hvy ping is bad"
L 08/05/2009 - 20:26:44: Lua Error: :1: attempt to perform arithmetic on global 'models' (a nil value)
L 08/05/2009 - 20:26:44: rcon from "192.168.1.3:9369": command "lua_run for k, v in pairs( player.GetAll() ) do v.Char.Model = models/player/alyx.mdl end"
L 08/05/2009 - 20:26:45: Lua Error: ERROR: GAMEMODE:'KeyPress' Failed: StarWarsOnline\gamemode\Server/player_extention.lua:89: attempt to index field 'Char' (a nil value)
L 08/05/2009 - 20:26:46: Lua Error: ERROR: GAMEMODE:'KeyPress' Failed: StarWarsOnline\gamemode\Server/player_extention.lua:89: attempt to index field 'Char' (a nil value)
L 08/05/2009 - 20:26:47: Lua Error: ERROR: GAMEMODE:'KeyPress' Failed: StarWarsOnline\gamemode\Server/PlayerMovement.lua:9: attempt to perform arithmetic on field 'LastForceJump' (a nil value)
L 08/05/2009 - 20:26:53: Lua Error: Error: hook->PlayerSay returned a non-string!
L 08/05/2009 - 20:26:53: "[SWO] MGinshe - Capped<6><STEAM_0:1:20576708><Team>" say "Yeah"
L 08/05/2009 - 20:26:57: Lua Error: Error: hook->PlayerSay returned a non-string!
L 08/05/2009 - 20:26:57: "[SWO] MGinshe - Capped<6><STEAM_0:1:20576708><Team>" say "He is hosting it"
L 08/05/2009 - 20:27:00: Lua Error: ERROR: GAMEMODE:'KeyPress' Failed: StarWarsOnline\gamemode\Server/player_extention.lua:89: attempt to index field 'Char' (a nil value)
L 08/05/2009 - 20:27:00: Lua Error: ERROR: GAMEMODE:'KeyPress' Failed: StarWarsOnline\gamemode\Server/player_extention.lua:89: attempt to index field 'Char' (a nil value)
L 08/05/2009 - 20:27:01: Lua Error: ERROR: GAMEMODE:'KeyPress' Failed: StarWarsOnline\gamemode\Server/player_extention.lua:89: attempt to index field 'Char' (a nil value)
L 08/05/2009 - 20:27:02: Lua Error: ERROR: GAMEMODE:'KeyPress' Failed: StarWarsOnline\gamemode\Server/PlayerMovement.lua:9: attempt to perform arithmetic on field 'LastForceJump' (a nil value)
L 08/05/2009 - 20:27:03: Lua Error: ERROR: GAMEMODE:'KeyPress' Failed: StarWarsOnline\gamemode\Server/PlayerMovement.lua:9: attempt to perform arithmetic on field 'LastForceJump' (a nil value)
L 08/05/2009 - 20:27:04: Lua Error: ERROR: GAMEMODE:'KeyPress' Failed: StarWarsOnline\gamemode\Server/PlayerMovement.lua:9: attempt to perform arithmetic on field 'LastForceJump' (a nil value)
L 08/05/2009 - 20:27:10: Lua Error: ERROR: GAMEMODE:'KeyPress' Failed: StarWarsOnline\gamemode\Server/PlayerMovement.lua:9: attempt to perform arithmetic on field 'LastForceJump' (a nil value)
L 08/05/2009 - 20:27:16: Lua Error: ERROR: GAMEMODE:'PlayerSpawn' Failed: StarWarsOnline\gamemode\Server/hooks.lua:12: bad argument #1 to 'PrecacheModel' (string expected, got nil)
L 08/05/2009 - 20:27:16: Lua Error: ERROR: GAMEMODE:'KeyPress' Failed: StarWarsOnline\gamemode\Server/player_extention.lua:89: attempt to index field 'Char' (a nil value)
L 08/05/2009 - 20:27:18: Lua Error: ERROR: GAMEMODE:'KeyPress' Failed: StarWarsOnline\gamemode\Server/player_extention.lua:89: attempt to index field 'Char' (a nil value)
L 08/05/2009 - 20:27:18: Lua Error: ERROR: GAMEMODE:'KeyPress' Failed: StarWarsOnline\gamemode\Server/player_extention.lua:89: attempt to index field 'Char' (a nil value)
L 08/05/2009 - 20:27:27: Lua Error: ERROR: GAMEMODE:'PlayerSpawn' Failed: StarWarsOnline\gamemode\Server/hooks.lua:12: bad argument #1 to 'PrecacheModel' (string expected, got nil)
L 08/05/2009 - 20:27:27: Lua Error: ERROR: GAMEMODE:'KeyPress' Failed: StarWarsOnline\gamemode\Server/PlayerMovement.lua:9: attempt to perform arithmetic on field 'LastForceJump' (a nil value)
L 08/05/2009 - 20:27:29: Lua Error: ERROR: GAMEMODE:'KeyPress' Failed: StarWarsOnline\gamemode\Server/PlayerMovement.lua:9: attempt to perform arithmetic on field 'LastForceJump' (a nil value)
L 08/05/2009 - 20:27:34: Lua Error: Error: hook->PlayerSay returned a non-string!
L 08/05/2009 - 20:27:34: "[SWO] MGinshe - Capped<6><STEAM_0:1:20576708><Team>" say "Mah force jump"
L 08/05/2009 - 20:27:36: Lua Error: ERROR: GAMEMODE:'KeyPress' Failed: StarWarsOnline\gamemode\Server/player_extention.lua:89: attempt to index field 'Char' (a nil value)
L 08/05/2009 - 20:27:40: Lua Error: Error: hook->PlayerSay returned a non-string!
L 08/05/2009 - 20:27:40: "[SWO] MGinshe - Capped<6><STEAM_0:1:20576708><Team>" say "Like the HUD?"
L 08/05/2009 - 20:27:42: Lua Error: Error: hook->PlayerSay returned a non-string!
L 08/05/2009 - 20:27:42: "[SWO] MGinshe - Capped<6><STEAM_0:1:20576708><Team>" say "Rofl"
L 08/05/2009 - 20:27:45: Lua Error: ERROR: GAMEMODE:'KeyPress' Failed: StarWarsOnline\gamemode\Server/PlayerMovement.lua:9: attempt to perform arithmetic on field 'LastForceJump' (a nil value)
L 08/05/2009 - 20:27:46: Lua Error: ERROR: GAMEMODE:'KeyPress' Failed: StarWarsOnline\gamemode\Server/PlayerMovement.lua:9: attempt to perform arithmetic on field 'LastForceJump' (a nil value)
L 08/05/2009 - 20:27:49: Lua Error: ERROR: GAMEMODE:'KeyPress' Failed: StarWarsOnline\gamemode\Server/PlayerMovement.lua:9: attempt to perform arithmetic on field 'LastForceJump' (a nil value)
L 08/05/2009 - 20:27:53: "Meeces2911-WLG" (3575051666) had their xp saved.
L 08/05/2009 - 20:27:53: Lua Error: Timer Error: includes/extensions/table.lua:82: bad argument #1 to 'pairs' (table expected, got nil)
L 08/05/2009 - 20:27:55: Lua Error: Error: hook->PlayerSay returned a non-string!
L 08/05/2009 - 20:27:55: "-weRk-oNe- [SWO]<9><STEAM_0:1:13836983><Team>" say "lol, i dont really see anythnig other then grey bodies'"
L 08/05/2009 - 20:27:57: Lua Error: ERROR: GAMEMODE:'KeyPress' Failed: StarWarsOnline\gamemode\Server/PlayerMovement.lua:9: attempt to perform arithmetic on field 'LastForceJump' (a nil value)
L 08/05/2009 - 20:27:58: Lua Error: ERROR: GAMEMODE:'KeyPress' Failed: StarWarsOnline\gamemode\Server/player_extention.lua:89: attempt to index field 'Char' (a nil value)
L 08/05/2009 - 20:28:08: Lua Error: Error: hook->PlayerSay returned a non-string!
L 08/05/2009 - 20:28:08: "[SWO] MGinshe - Capped<6><STEAM_0:1:20576708><Team>" say "No things at the bottom?"
L 08/05/2009 - 20:28:10: Lua Error: ERROR: GAMEMODE:'KeyPress' Failed: StarWarsOnline\gamemode\Server/PlayerMovement.lua:9: attempt to perform arithmetic on field 'LastForceJump' (a nil value)
L 08/05/2009 - 20:28:12: Lua Error: ERROR: GAMEMODE:'KeyPress' Failed: StarWarsOnline\gamemode\Server/PlayerMovement.lua:9: attempt to perform arithmetic on field 'LastForceJump' (a nil value)
L 08/05/2009 - 20:28:13: Lua Error: Error: hook->PlayerSay returned a non-string!
L 08/05/2009 - 20:28:13: "-weRk-oNe- [SWO]<9><STEAM_0:1:13836983><Team>" say "nope"
L 08/05/2009 - 20:28:16: Lua Error: ERROR: GAMEMODE:'KeyPress' Failed: StarWarsOnline\gamemode\Server/PlayerMovement.lua:9: attempt to perform arithmetic on field 'LastForceJump' (a nil value)
L 08/05/2009 - 20:28:20: Lua Error: Error: hook->PlayerSay returned a non-string!
L 08/05/2009 - 20:28:20: "[SWO] MGinshe - Capped<6><STEAM_0:1:20576708><Team>" say ":C"
L 08/05/2009 - 20:28:23: "Console<0><Console><Console>" say ""the svn got fucked... will need to restart soon""
L 08/05/2009 - 20:28:23: rcon from "192.168.1.3:9369": command "say "the svn got fucked... will need to restart soon""
L 08/05/2009 - 20:28:28: Lua Error: ERROR: GAMEMODE:'KeyPress' Failed: StarWarsOnline\gamemode\Server/PlayerMovement.lua:9: attempt to perform arithmetic on field 'LastForceJump' (a nil value)
L 08/05/2009 - 20:28:30: Lua Error: ERROR: GAMEMODE:'KeyPress' Failed: StarWarsOnline\gamemode\Server/PlayerMovement.lua:9: attempt to perform arithmetic on field 'LastForceJump' (a nil value)
L 08/05/2009 - 20:28:32: "Console<0><Console><Console>" say ""not sure why, as you JUST gave me the svn !?""
L 08/05/2009 - 20:28:32: rcon from "192.168.1.3:9369": command "say "not sure why, as you JUST gave me the svn !?""
L 08/05/2009 - 20:28:34: Lua Error: Error: hook->PlayerSay returned a non-string!
L 08/05/2009 - 20:28:34: "[SWO] MGinshe - Capped<6><STEAM_0:1:20576708><Team>" say "Wait, what?"
L 08/05/2009 - 20:28:39: Lua Error: Error: hook->PlayerSay returned a non-string!
L 08/05/2009 - 20:28:39: "[SWO] MGinshe - Capped<6><STEAM_0:1:20576708><Team>" say ":C"
L 08/05/2009 - 20:28:43: Lua Error: Error: hook->PlayerSay returned a non-string!
L 08/05/2009 - 20:28:43: "[SWO] MGinshe - Capped<6><STEAM_0:1:20576708><Team>" say "Did you edit?"
L 08/05/2009 - 20:28:43: Lua Error: ERROR: GAMEMODE:'KeyPress' Failed: StarWarsOnline\gamemode\Server/player_extention.lua:89: attempt to index field 'Char' (a nil value)
L 08/05/2009 - 20:28:44: Lua Error: ERROR: GAMEMODE:'KeyPress' Failed: StarWarsOnline\gamemode\Server/player_extention.lua:89: attempt to index field 'Char' (a nil value)
L 08/05/2009 - 20:28:45: Lua Error: ERROR: GAMEMODE:'KeyPress' Failed: StarWarsOnline\gamemode\Server/player_extention.lua:89: attempt to index field 'Char' (a nil value)
L 08/05/2009 - 20:28:45: Lua Error: ERROR: GAMEMODE:'KeyPress' Failed: StarWarsOnline\gamemode\Server/player_extention.lua:89: attempt to index field 'Char' (a nil value)
L 08/05/2009 - 20:28:46: Lua Error: ERROR: GAMEMODE:'KeyPress' Failed: StarWarsOnline\gamemode\Server/player_extention.lua:89: attempt to index field 'Char' (a nil value)
L 08/05/2009 - 20:28:47: Lua Error: ERROR: GAMEMODE:'KeyPress' Failed: StarWarsOnline\gamemode\Server/player_extention.lua:89: attempt to index field 'Char' (a nil value)
L 08/05/2009 - 20:28:48: Lua Error: ERROR: GAMEMODE:'KeyPress' Failed: StarWarsOnline\gamemode\Server/player_extention.lua:89: attempt to index field 'Char' (a nil value)
L 08/05/2009 - 20:28:48: Lua Error: ERROR: GAMEMODE:'KeyPress' Failed: StarWarsOnline\gamemode\Server/player_extention.lua:89: attempt to index field 'Char' (a nil value)
L 08/05/2009 - 20:28:49: Lua Error: ERROR: GAMEMODE:'KeyPress' Failed: StarWarsOnline\gamemode\Server/player_extention.lua:89: attempt to index field 'Char' (a nil value)
L 08/05/2009 - 20:28:50: Lua Error: ERROR: GAMEMODE:'KeyPress' Failed: StarWarsOnline\gamemode\Server/player_extention.lua:89: attempt to index field 'Char' (a nil value)
L 08/05/2009 - 20:28:52: Lua Error: ERROR: GAMEMODE:'KeyPress' Failed: StarWarsOnline\gamemode\Server/player_extention.lua:89: attempt to index field 'Char' (a nil value)
L 08/05/2009 - 20:28:55: Lua Error: ERROR: GAMEMODE:'KeyPress' Failed: StarWarsOnline\gamemode\Server/player_extention.lua:89: attempt to index field 'Char' (a nil value)
L 08/05/2009 - 20:29:00: "Console<0><Console><Console>" say ""no, i removed it after you said you would commit""
L 08/05/2009 - 20:29:00: rcon from "192.168.1.3:9369": command "say "no, i removed it after you said you would commit""
L 08/05/2009 - 20:29:07: Lua Error: ERROR: GAMEMODE:'KeyPress' Failed: StarWarsOnline\gamemode\Server/player_extention.lua:89: attempt to index field 'Char' (a nil value)
L 08/05/2009 - 20:29:07: Lua Error: Error: hook->PlayerSay returned a non-string!
L 08/05/2009 - 20:29:07: "[SWO] MGinshe - Capped<6><STEAM_0:1:20576708><Team>" say "Ah"
L 08/05/2009 - 20:29:08: Lua Error: Error: hook->PlayerSay returned a non-string!
L 08/05/2009 - 20:29:08: "[SWO] MGinshe - Capped<6><STEAM_0:1:20576708><Team>" say ":S"
L 08/05/2009 - 20:29:09: Lua Error: ERROR: GAMEMODE:'KeyPress' Failed: StarWarsOnline\gamemode\Server/player_extention.lua:89: attempt to index field 'Char' (a nil value)
L 08/05/2009 - 20:29:11: Lua Error: ERROR: GAMEMODE:'KeyPress' Failed: StarWarsOnline\gamemode\Server/player_extention.lua:89: attempt to index field 'Char' (a nil value)
L 08/05/2009 - 20:29:11: Lua Error: ERROR: GAMEMODE:'KeyPress' Failed: StarWarsOnline\gamemode\Server/player_extention.lua:89: attempt to index field 'Char' (a nil value)
L 08/05/2009 - 20:29:16: Lua Error: ERROR: GAMEMODE:'KeyPress' Failed: StarWarsOnline\gamemode\Server/player_extention.lua:89: attempt to index field 'Char' (a nil value)
L 08/05/2009 - 20:29:17: Lua Error: Error: hook->PlayerSay returned a non-string!
L 08/05/2009 - 20:29:17: "[SWO] MGinshe - Capped<6><STEAM_0:1:20576708><Team>" say "Try deleting all the lua crap?"
L 08/05/2009 - 20:29:17: Lua Error: ERROR: GAMEMODE:'KeyPress' Failed: StarWarsOnline\gamemode\Server/player_extention.lua:89: attempt to index field 'Char' (a nil value)
L 08/05/2009 - 20:29:18: Lua Error: ERROR: GAMEMODE:'KeyPress' Failed: StarWarsOnline\gamemode\Server/PlayerMovement.lua:9: attempt to perform arithmetic on field 'LastForceJump' (a nil value)
L 08/05/2009 - 20:29:21: Lua Error: ERROR: GAMEMODE:'KeyPress' Failed: StarWarsOnline\gamemode\Server/PlayerMovement.lua:9: attempt to perform arithmetic on field 'LastForceJump' (a nil value)
L 08/05/2009 - 20:29:22: Lua Error: ERROR: GAMEMODE:'KeyPress' Failed: StarWarsOnline\gamemode\Server/PlayerMovement.lua:9: attempt to perform arithmetic on field 'LastForceJump' (a nil value)
L 08/05/2009 - 20:29:28: Lua Error: ERROR: GAMEMODE:'KeyPress' Failed: StarWarsOnline\gamemode\Server/PlayerMovement.lua:9: attempt to perform arithmetic on field 'LastForceJump' (a nil value)
L 08/05/2009 - 20:29:53: "Meeces2911-WLG" (3575051666) had their xp saved.
L 08/05/2009 - 20:29:53: Lua Error: Timer Error: includes/extensions/table.lua:82: bad argument #1 to 'pairs' (table expected, got nil)
L 08/05/2009 - 20:30:54: Lua Error: ERROR: GAMEMODE:'KeyPress' Failed: StarWarsOnline\gamemode\Server/PlayerMovement.lua:9: attempt to perform arithmetic on field 'LastForceJump' (a nil value)
L 08/05/2009 - 20:30:57: Lua Error: ERROR: GAMEMODE:'KeyPress' Failed: StarWarsOnline\gamemode\Server/PlayerMovement.lua:9: attempt to perform arithmetic on field 'LastForceJump' (a nil value)
L 08/05/2009 - 20:30:58: Lua Error: ERROR: GAMEMODE:'KeyPress' Failed: StarWarsOnline\gamemode\Server/PlayerMovement.lua:9: attempt to perform arithmetic on field 'LastForceJump' (a nil value)
L 08/05/2009 - 20:31:06: Lua Error: ERROR: GAMEMODE:'KeyPress' Failed: StarWarsOnline\gamemode\Server/PlayerMovement.lua:9: attempt to perform arithmetic on field 'LastForceJump' (a nil value)
L 08/05/2009 - 20:31:09: Lua Error: ERROR: GAMEMODE:'KeyPress' Failed: StarWarsOnline\gamemode\Server/PlayerMovement.lua:9: attempt to perform arithmetic on field 'LastForceJump' (a nil value)
L 08/05/2009 - 20:31:13: Lua Error: Error: hook->PlayerSay returned a non-string!
L 08/05/2009 - 20:31:13: "Meeces2911-WLG<4><STEAM_0:1:9946557><Team>" say "ok, server restarting now"
L 08/05/2009 - 20:31:17: Lua Error: ERROR: GAMEMODE:'KeyPress' Failed: StarWarsOnline\gamemode\Server/PlayerMovement.lua:9: attempt to perform arithmetic on field 'LastForceJump' (a nil value)
L 08/05/2009 - 20:31:18: Lua Error: ERROR: GAMEMODE:'KeyPress' Failed: StarWarsOnline\gamemode\Server/PlayerMovement.lua:9: attempt to perform arithmetic on field 'LastForceJump' (a nil value)
L 08/05/2009 - 20:31:25: "-weRk-oNe- [SWO]<9><STEAM_0:1:13836983><>" disconnected (reason "Disconnect by user.")
L 08/05/2009 - 20:31:25: "-weRk-oNe- [SWO]" (2583544615) had their xp saved.
L 08/05/2009 - 20:31:25: Lua Error: Hook 'Level.PlDiscnct' Failed: includes/extensions/table.lua:82: bad argument #1 to 'pairs' (table expected, got nil)
L 08/05/2009 - 20:31:25: Lua Error: Error: hook->PlayerSay returned a non-string!
L 08/05/2009 - 20:31:25: "[SWO] MGinshe - Capped<6><STEAM_0:1:20576708><Team>" say "Kk"
L 08/05/2009 - 20:31:30: Lua Error: ERROR: GAMEMODE:'KeyPress' Failed: StarWarsOnline\gamemode\Server/PlayerMovement.lua:9: attempt to perform arithmetic on field 'LastForceJump' (a nil value)
L 08/05/2009 - 20:31:30: Lua Error: ERROR: GAMEMODE:'KeyPress' Failed: StarWarsOnline\gamemode\Server/PlayerMovement.lua:9: attempt to perform arithmetic on field 'LastForceJump' (a nil value)
L 08/05/2009 - 20:31:35: Lua Error: Error: hook->PlayerSay returned a non-string!
L 08/05/2009 - 20:31:35: "[SWO] MGinshe - Capped<6><STEAM_0:1:20576708><Team>" say "He didnt aprove"
L 08/05/2009 - 20:31:39: rcon from "192.168.1.3:9428": command "changegamemode gm_construct StarWarsOnline"
L 08/05/2009 - 20:31:39: Log file closed
