


materialPath: c:\program files\valve\steam\steamapps\mginshe\half-life 2\hl2\materials
Loading C:\Program Files\Valve\Steam\SteamApps\MGinshe\garrysmod\garrysmod\gamemodes\sw-rp\Mapping - For Mappers\sw_tatooine.vmf
material "de_dust/groundsand_blend" not found
Material not found!: DE_DUST/GROUNDSAND_BLEND
material "plaster/plasterwall011b" not found
Material not found!: PLASTER/PLASTERWALL011B
material "plaster/plasterwall014" not found
Material not found!: PLASTER/PLASTERWALL014
material "plaster/plasterwall052b" not found
Material not found!: PLASTER/PLASTERWALL052B
material "plaster/plasterwall052a" not found
Material not found!: PLASTER/PLASTERWALL052A
material "de_dust/sitebwall01b" not found
Material not found!: DE_DUST/SITEBWALL01B
material "de_dust/sitebwall01" not found
Material not found!: DE_DUST/SITEBWALL01
material "models/props_debris/concretefloor030a" not found
Material not found!: MODELS/PROPS_DEBRIS/CONCRETEFLOOR030A
material "de_dust/residbwall01" not found
Material not found!: DE_DUST/RESIDBWALL01
material "plaster/plasterwall011a" not found
Material not found!: PLASTER/PLASTERWALL011A
material "plaster/plasterwall014b" not found
Material not found!: PLASTER/PLASTERWALL014B
material "de_dust/templewall02a" not found
Material not found!: DE_DUST/TEMPLEWALL02A
material "de_dust/templewall02b" not found
Material not found!: DE_DUST/TEMPLEWALL02B
material "plaster/plasterwall014a" not found
Material not found!: PLASTER/PLASTERWALL014A
material "plaster/plasterwall011" not found
Material not found!: PLASTER/PLASTERWALL011
material "glass/glasswindow015c" not found
Material not found!: GLASS/GLASSWINDOW015C
material "plaster/cellarwall01b" not found
Material not found!: PLASTER/CELLARWALL01B
material "models/props_outland/basementdoor01" not found
Material not found!: MODELS/PROPS_OUTLAND/BASEMENTDOOR01
material "models/seesawbridge/metalwall054f" not found
Material not found!: MODELS/SEESAWBRIDGE/METALWALL054F
material "vehicle/metaltraindam001a" not found
Material not found!: VEHICLE/METALTRAINDAM001A
material "metal/silo_metal_02a" not found
Material not found!: METAL/SILO_METAL_02A
fixing up env_cubemap materials on brush sides...
0...1...2...3...4...5...6...7...8...9...100...1...2...3...4...5...6...7...8...9...10Processing areas...done (0)
Building Faces...done (0)
Chop Details...


1 threads
reading c:\program files\valve\steam\steamapps\mginshe\garrysmod\garrysmod\gamemodes\sw-rp\mapping - for mappers\sw_tatooine.bsp
Error opening c:\program files\valve\steam\steamapps\mginshe\garrysmod\garrysmod\gamemodes\sw-rp\mapping - for mappers\sw_tatooine.bsp


[Reading texlights from 'lights.rad']
[45 texlights parsed from 'lights.rad']

Loading c:\program files\valve\steam\steamapps\mginshe\garrysmod\garrysmod\gamemodes\sw-rp\mapping - for mappers\sw_tatooine.bsp
Error opening c:\program files\valve\steam\steamapps\mginshe\garrysmod\garrysmod\gamemodes\sw-rp\mapping - for mappers\sw_tatooine.bsp